<?xml version="1.0" encoding="UTF-8"?>
<!-- Generated by org.testng.reporters.JUnitXMLReporter -->
<testsuite ignored="0" hostname="DESKTOP-1O7GECF" failures="0" tests="4" name="Default test" time="87.457" errors="0" timestamp="2021-06-05T16:53:13 IST">
  <testcase classname="Workout.Practice" name="logIn" time="19.973"/>
  <testcase classname="Workout.Practice" name="logIn" time="26.124"/>
  <testcase classname="Workout.Practice" name="logIn" time="20.427"/>
  <testcase classname="Workout.Practice" name="logIn" time="20.789"/>
</testsuite> <!-- Default test -->
